2023/02/01 15:56:20 [INFO]	Classifier: ClassifierParams(name='XGBClassifier-3', algorithm=<class 'xgboost.sklearn.XGBClassifier'>, kwargs={'max_depth': 3, 'use_label_encoder': False, 'eval_metric': 'mlogloss', 'tree_method': 'approx'})
2023/02/01 15:56:20 [INFO]	OfParams(n_layers=3, layer_interval=1, average=False, img_shape=(64, 64), grid_size=4, step_size=7, window_size=7, stop_steps=3)
2023/02/01 15:56:20 [INFO]	Post processing parameters: max_gap_duration_s=0.03, short_event_min_len_s=0.10, smooth_window=11, proba_onset_threshold=0.25, proba_offset_threshold=0.25
2023/02/01 15:56:20 [INFO]	
=== 5-fold cross validation - 0 ===
2023/02/01 15:56:52 [INFO]	Collect training data
2023/02/01 15:59:40 [INFO]	Start training
2023/02/01 15:59:40 [DEBUG]	features shape=(187181, 96)
2023/02/01 16:00:36 [DEBUG]	on_fit took 56.5 s
2023/02/01 16:00:36 [INFO]	Collect validation data
2023/02/01 16:00:42 [INFO]	Collect test data
2023/02/01 16:00:44 [INFO]	Predict training & validation & test data
2023/02/01 16:00:44 [DEBUG]	predict_all_clips took 300 ms
2023/02/01 16:00:44 [INFO]	Evaluate training data
2023/02/01 16:00:45 [INFO]	Evaluate validation data
2023/02/01 16:00:45 [INFO]	Evaluate test data
2023/02/01 16:00:45 [INFO]	
=== 5-fold cross validation - 1 ===
2023/02/01 16:00:45 [INFO]	Collect training data
2023/02/01 16:00:49 [INFO]	Start training
2023/02/01 16:00:49 [DEBUG]	features shape=(139210, 96)
2023/02/01 16:01:29 [DEBUG]	on_fit took 40.0 s
2023/02/01 16:01:29 [INFO]	Collect validation data
2023/02/01 16:01:31 [INFO]	Collect test data
2023/02/01 16:01:33 [INFO]	Predict training & validation & test data
2023/02/01 16:01:33 [DEBUG]	predict_all_clips took 241 ms
2023/02/01 16:01:33 [INFO]	Evaluate training data
2023/02/01 16:01:34 [INFO]	Evaluate validation data
2023/02/01 16:01:34 [INFO]	Evaluate test data
2023/02/01 16:01:34 [INFO]	
=== 5-fold cross validation - 2 ===
2023/02/01 16:01:34 [INFO]	Collect training data
2023/02/01 16:01:39 [INFO]	Start training
2023/02/01 16:01:39 [DEBUG]	features shape=(170355, 96)
2023/02/01 16:02:30 [DEBUG]	on_fit took 50.7 s
2023/02/01 16:02:30 [INFO]	Collect validation data
2023/02/01 16:02:30 [INFO]	Collect test data
2023/02/01 16:02:32 [INFO]	Predict training & validation & test data
2023/02/01 16:02:32 [DEBUG]	predict_all_clips took 267 ms
2023/02/01 16:02:32 [INFO]	Evaluate training data
2023/02/01 16:02:33 [INFO]	Evaluate validation data
2023/02/01 16:02:33 [INFO]	Evaluate test data
2023/02/01 16:02:33 [INFO]	
=== 5-fold cross validation - 3 ===
2023/02/01 16:02:33 [INFO]	Collect training data
2023/02/01 16:02:37 [INFO]	Start training
2023/02/01 16:02:37 [DEBUG]	features shape=(125701, 96)
